<?xml version="1.0" encoding="UTF-8"?>
<!-- Generated by org.testng.reporters.JUnitXMLReporter -->
<testsuite hostname="CMLCOLOMBO5525" failures="0" tests="5" name="Default test" time="1.858" errors="0" timestamp="7 Sep 2023 08:48:54 GMT">
  <testcase classname="AutomationAnywhereTestQu05.AutomationAnywhereTestQu05.AutomationAnywhere_Test_04" name="@BeforeMethod setUp" time="0.0">
    <failure type="org.openqa.selenium.SessionNotCreatedException" message="session not created: This version of ChromeDriver only supports Chrome version 114
Current browser version is 116.0.5845.142 with binary path C:\Program Files\Google\Chrome\Application\chrome.exe
Build info: version: &amp;apos;3.141.59&amp;apos;, revision: &amp;apos;e82be7d358&amp;apos;, time: &amp;apos;2018-11-14T08:17:03&amp;apos;
System info: host: &amp;apos;CMLCOLOMBO5525&amp;apos;, ip: &amp;apos;192.168.1.101&amp;apos;, os.name: &amp;apos;Windows 11&amp;apos;, os.arch: &amp;apos;amd64&amp;apos;, os.version: &amp;apos;10.0&amp;apos;, java.version: &amp;apos;17.0.5&amp;apos;
Driver info: driver.version: ChromeDriver
remote stacktrace: Backtrace:
	GetHandleVerifier [0x00F4A813+48355]
	(No symbol) [0x00EDC4B1]
	(No symbol) [0x00DE5358]
	(No symbol) [0x00E061AC]
	(No symbol) [0x00E01EF3]
	(No symbol) [0x00E00579]
	(No symbol) [0x00E30C55]
	(No symbol) [0x00E3093C]
	(No symbol) [0x00E2A536]
	(No symbol) [0x00E082DC]
	(No symbol) [0x00E093DD]
	GetHandleVerifier [0x011AAABD+2539405]
	GetHandleVerifier [0x011EA78F+2800735]
	GetHandleVerifier [0x011E456C+2775612]
	GetHandleVerifier [0x00FD51E0+616112]
	(No symbol) [0x00EE5F8C]
	(No symbol) [0x00EE2328]
	(No symbol) [0x00EE240B]
	(No symbol) [0x00ED4FF7]
	BaseThreadInitThunk [0x76686BA9+25]
	RtlGetFullPathName_UEx [0x77448F9F+1215]
	RtlGetFullPathName_UEx [0x77448F6D+1165]
">
      <![CDATA[org.openqa.selenium.SessionNotCreatedException: session not created: This version of ChromeDriver only supports Chrome version 114
Current browser version is 116.0.5845.142 with binary path C:\Program Files\Google\Chrome\Application\chrome.exe
Build info: version: '3.141.59', revision: 'e82be7d358', time: '2018-11-14T08:17:03'
System info: host: 'CMLCOLOMBO5525', ip: '192.168.1.101', os.name: 'Windows 11', os.arch: 'amd64', os.version: '10.0', java.version: '17.0.5'
Driver info: driver.version: ChromeDriver
remote stacktrace: Backtrace:
	GetHandleVerifier [0x00F4A813+48355]
	(No symbol) [0x00EDC4B1]
	(No symbol) [0x00DE5358]
	(No symbol) [0x00E061AC]
	(No symbol) [0x00E01EF3]
	(No symbol) [0x00E00579]
	(No symbol) [0x00E30C55]
	(No symbol) [0x00E3093C]
	(No symbol) [0x00E2A536]
	(No symbol) [0x00E082DC]
	(No symbol) [0x00E093DD]
	GetHandleVerifier [0x011AAABD+2539405]
	GetHandleVerifier [0x011EA78F+2800735]
	GetHandleVerifier [0x011E456C+2775612]
	GetHandleVerifier [0x00FD51E0+616112]
	(No symbol) [0x00EE5F8C]
	(No symbol) [0x00EE2328]
	(No symbol) [0x00EE240B]
	(No symbol) [0x00ED4FF7]
	BaseThreadInitThunk [0x76686BA9+25]
	RtlGetFullPathName_UEx [0x77448F9F+1215]
	RtlGetFullPathName_UEx [0x77448F6D+1165]

	at java.base/jdk.internal.reflect.NativeConstructorAccessorImpl.newInstance0(Native Method)
	at java.base/jdk.internal.reflect.NativeConstructorAccessorImpl.newInstance(NativeConstructorAccessorImpl.java:77)
	at java.base/jdk.internal.reflect.DelegatingConstructorAccessorImpl.newInstance(DelegatingConstructorAccessorImpl.java:45)
	at java.base/java.lang.reflect.Constructor.newInstanceWithCaller(Constructor.java:499)
	at java.base/java.lang.reflect.Constructor.newInstance(Constructor.java:480)
	at org.openqa.selenium.remote.W3CHandshakeResponse.lambda$errorHandler$0(W3CHandshakeResponse.java:62)
	at org.openqa.selenium.remote.HandshakeResponse.lambda$getResponseFunction$0(HandshakeResponse.java:30)
	at org.openqa.selenium.remote.ProtocolHandshake.lambda$createSession$0(ProtocolHandshake.java:126)
	at java.base/java.util.stream.ReferencePipeline$3$1.accept(ReferencePipeline.java:197)
	at java.base/java.util.Spliterators$ArraySpliterator.tryAdvance(Spliterators.java:1002)
	at java.base/java.util.stream.ReferencePipeline.forEachWithCancel(ReferencePipeline.java:129)
	at java.base/java.util.stream.AbstractPipeline.copyIntoWithCancel(AbstractPipeline.java:527)
	at java.base/java.util.stream.AbstractPipeline.copyInto(AbstractPipeline.java:513)
	at java.base/java.util.stream.AbstractPipeline.wrapAndCopyInto(AbstractPipeline.java:499)
	at java.base/java.util.stream.FindOps$FindOp.evaluateSequential(FindOps.java:150)
	at java.base/java.util.stream.AbstractPipeline.evaluate(AbstractPipeline.java:234)
	at java.base/java.util.stream.ReferencePipeline.findFirst(ReferencePipeline.java:647)
	at org.openqa.selenium.remote.ProtocolHandshake.createSession(ProtocolHandshake.java:128)
	at org.openqa.selenium.remote.ProtocolHandshake.createSession(ProtocolHandshake.java:74)
	at org.openqa.selenium.remote.HttpCommandExecutor.execute(HttpCommandExecutor.java:136)
	at org.openqa.selenium.remote.service.DriverCommandExecutor.execute(DriverCommandExecutor.java:83)
	at org.openqa.selenium.remote.RemoteWebDriver.execute(RemoteWebDriver.java:552)
	at org.openqa.selenium.remote.RemoteWebDriver.startSession(RemoteWebDriver.java:213)
	at org.openqa.selenium.remote.RemoteWebDriver.<init>(RemoteWebDriver.java:131)
	at org.openqa.selenium.chrome.ChromeDriver.<init>(ChromeDriver.java:181)
	at org.openqa.selenium.chrome.ChromeDriver.<init>(ChromeDriver.java:168)
	at org.openqa.selenium.chrome.ChromeDriver.<init>(ChromeDriver.java:157)
	at AutomationAnywhereTestQu05.AutomationAnywhereTestQu05.AutomationAnywhere_Test_04.setUp(AutomationAnywhere_Test_04.java:24)
	at java.base/jdk.internal.reflect.NativeMethodAccessorImpl.invoke0(Native Method)
	at java.base/jdk.internal.reflect.NativeMethodAccessorImpl.invoke(NativeMethodAccessorImpl.java:77)
	at java.base/jdk.internal.reflect.DelegatingMethodAccessorImpl.invoke(DelegatingMethodAccessorImpl.java:43)
	at java.base/java.lang.reflect.Method.invoke(Method.java:568)
	at org.testng.internal.MethodInvocationHelper.invokeMethod(MethodInvocationHelper.java:80)
	at org.testng.internal.Invoker.invokeConfigurationMethod(Invoker.java:564)
	at org.testng.internal.Invoker.invokeConfigurations(Invoker.java:213)
	at org.testng.internal.Invoker.invokeMethod(Invoker.java:653)
	at org.testng.internal.Invoker.invokeTestMethod(Invoker.java:901)
	at org.testng.internal.Invoker.invokeTestMethods(Invoker.java:1231)
	at org.testng.internal.TestMethodWorker.invokeTestMethods(TestMethodWorker.java:127)
	at org.testng.internal.TestMethodWorker.run(TestMethodWorker.java:111)
	at org.testng.TestRunner.privateRun(TestRunner.java:767)
	at org.testng.TestRunner.run(TestRunner.java:617)
	at org.testng.SuiteRunner.runTest(SuiteRunner.java:334)
	at org.testng.SuiteRunner.runSequentially(SuiteRunner.java:329)
	at org.testng.SuiteRunner.privateRun(SuiteRunner.java:291)
	at org.testng.SuiteRunner.run(SuiteRunner.java:240)
	at org.testng.SuiteRunnerWorker.runSuite(SuiteRunnerWorker.java:52)
	at org.testng.SuiteRunnerWorker.run(SuiteRunnerWorker.java:86)
	at org.testng.TestNG.runSuitesSequentially(TestNG.java:1198)
	at org.testng.TestNG.runSuitesLocally(TestNG.java:1123)
	at org.testng.TestNG.run(TestNG.java:1031)
	at org.testng.remote.AbstractRemoteTestNG.run(AbstractRemoteTestNG.java:115)
	at org.testng.remote.RemoteTestNG.initAndRun(RemoteTestNG.java:251)
	at org.testng.remote.RemoteTestNG.main(RemoteTestNG.java:77)
]]>
    </failure>
  </testcase> <!-- @BeforeMethod setUp -->
  <testcase classname="AutomationAnywhereTestQu05.AutomationAnywhereTestQu05.AutomationAnywhere_Test_04" name="@BeforeMethod setUp" time="0.0">
    <skipped/>
  </testcase> <!-- @BeforeMethod setUp -->
  <testcase classname="AutomationAnywhereTestQu05.AutomationAnywhereTestQu05.AutomationAnywhere_Test_04" name="@BeforeMethod setUp" time="0.0">
    <skipped/>
  </testcase> <!-- @BeforeMethod setUp -->
  <testcase classname="AutomationAnywhereTestQu05.AutomationAnywhereTestQu05.AutomationAnywhere_Test_04" name="@BeforeMethod setUp" time="0.0">
    <skipped/>
  </testcase> <!-- @BeforeMethod setUp -->
  <testcase classname="AutomationAnywhereTestQu05.AutomationAnywhereTestQu05.AutomationAnywhere_Test_04" name="@BeforeMethod setUp" time="0.0">
    <skipped/>
  </testcase> <!-- @BeforeMethod setUp -->
  <testcase classname="AutomationAnywhereTestQu05.AutomationAnywhereTestQu05.AutomationAnywhere_Test_04" name="verifyProductsLink" time="0.001">
    <skipped/>
  </testcase> <!-- verifyProductsLink -->
  <testcase classname="AutomationAnywhereTestQu05.AutomationAnywhereTestQu05.AutomationAnywhere_Test_04" name="verifySolutionsLink" time="0.001">
    <skipped/>
  </testcase> <!-- verifySolutionsLink -->
  <testcase classname="AutomationAnywhereTestQu05.AutomationAnywhereTestQu05.AutomationAnywhere_Test_04" name="verifyResourcesLink" time="0.002">
    <skipped/>
  </testcase> <!-- verifyResourcesLink -->
  <testcase classname="AutomationAnywhereTestQu05.AutomationAnywhereTestQu05.AutomationAnywhere_Test_04" name="verifyBeyondRPALink" time="0.001">
    <skipped/>
  </testcase> <!-- verifyBeyondRPALink -->
  <testcase classname="AutomationAnywhereTestQu05.AutomationAnywhereTestQu05.AutomationAnywhere_Test_04" name="verifyCompanyLink" time="0.002">
    <skipped/>
  </testcase> <!-- verifyCompanyLink -->
</testsuite> <!-- Default test -->
