<html>
<head>
<title>TestNG:  Default test</title>
<link href="../testng.css" rel="stylesheet" type="text/css" />
<link href="../my-testng.css" rel="stylesheet" type="text/css" />

<style type="text/css">
.log { display: none;} 
.stack-trace { display: none;} 
</style>
<script type="text/javascript">
<!--
function flip(e) {
  current = e.style.display;
  if (current == 'block') {
    e.style.display = 'none';
    return 0;
  }
  else {
    e.style.display = 'block';
    return 1;
  }
}

function toggleBox(szDivId, elem, msg1, msg2)
{
  var res = -1;  if (document.getElementById) {
    res = flip(document.getElementById(szDivId));
  }
  else if (document.all) {
    // this is the way old msie versions work
    res = flip(document.all[szDivId]);
  }
  if(elem) {
    if(res == 0) elem.innerHTML = msg1; else elem.innerHTML = msg2;
  }

}

function toggleAllBoxes() {
  if (document.getElementsByTagName) {
    d = document.getElementsByTagName('div');
    for (i = 0; i < d.length; i++) {
      if (d[i].className == 'log') {
        flip(d[i]);
      }
    }
  }
}

// -->
</script>

</head>
<body>
<h2 align='center'>Default test</h2><table border='1' align="center">
<tr>
<td>Tests passed/Failed/Skipped:</td><td>0/0/5</td>
</tr><tr>
<td>Started on:</td><td>Thu Sep 07 14:18:52 IST 2023</td>
</tr>
<tr><td>Total time:</td><td>1 seconds (1858 ms)</td>
</tr><tr>
<td>Included groups:</td><td></td>
</tr><tr>
<td>Excluded groups:</td><td></td>
</tr>
</table><p/>
<small><i>(Hover the method name to see the test class name)</i></small><p/>
<table width='100%' border='1' class='invocation-failed'>
<tr><td colspan='4' align='center'><b>FAILED CONFIGURATIONS</b></td></tr>
<tr><td><b>Test method</b></td>
<td width="30%"><b>Exception</b></td>
<td width="10%"><b>Time (seconds)</b></td>
<td><b>Instance</b></td>
</tr>
<tr>
<td title='AutomationAnywhereTestQu05.AutomationAnywhereTestQu05.AutomationAnywhere_Test_04.setUp()'><b>setUp</b><br>Test class: AutomationAnywhereTestQu05.AutomationAnywhereTestQu05.AutomationAnywhere_Test_04</td>
<td><div><pre>org.openqa.selenium.SessionNotCreatedException: session not created: This version of ChromeDriver only supports Chrome version 114
Current browser version is 116.0.5845.142 with binary path C:\Program Files\Google\Chrome\Application\chrome.exe
Build info: version: &apos;3.141.59&apos;, revision: &apos;e82be7d358&apos;, time: &apos;2018-11-14T08:17:03&apos;
System info: host: &apos;CMLCOLOMBO5525&apos;, ip: &apos;192.168.1.101&apos;, os.name: &apos;Windows 11&apos;, os.arch: &apos;amd64&apos;, os.version: &apos;10.0&apos;, java.version: &apos;17.0.5&apos;
Driver info: driver.version: ChromeDriver
remote stacktrace: Backtrace:
	GetHandleVerifier [0x00F4A813+48355]
	(No symbol) [0x00EDC4B1]
	(No symbol) [0x00DE5358]
	(No symbol) [0x00E061AC]
	(No symbol) [0x00E01EF3]
	(No symbol) [0x00E00579]
	(No symbol) [0x00E30C55]
	(No symbol) [0x00E3093C]
	(No symbol) [0x00E2A536]
	(No symbol) [0x00E082DC]
	(No symbol) [0x00E093DD]
	GetHandleVerifier [0x011AAABD+2539405]
	GetHandleVerifier [0x011EA78F+2800735]
	GetHandleVerifier [0x011E456C+2775612]
	GetHandleVerifier [0x00FD51E0+616112]
	(No symbol) [0x00EE5F8C]
	(No symbol) [0x00EE2328]
	(No symbol) [0x00EE240B]
	(No symbol) [0x00ED4FF7]
	BaseThreadInitThunk [0x76686BA9+25]
	RtlGetFullPathName_UEx [0x77448F9F+1215]
	RtlGetFullPathName_UEx [0x77448F6D+1165]

	at java.base/jdk.internal.reflect.NativeConstructorAccessorImpl.newInstance0(Native Method)
	at java.base/jdk.internal.reflect.NativeConstructorAccessorImpl.newInstance(NativeConstructorAccessorImpl.java:77)
	at java.base/jdk.internal.reflect.DelegatingConstructorAccessorImpl.newInstance(DelegatingConstructorAccessorImpl.java:45)
	at java.base/java.lang.reflect.Constructor.newInstanceWithCaller(Constructor.java:499)
	at java.base/java.lang.reflect.Constructor.newInstance(Constructor.java:480)
	at org.openqa.selenium.remote.W3CHandshakeResponse.lambda$errorHandler$0(W3CHandshakeResponse.java:62)
	at org.openqa.selenium.remote.HandshakeResponse.lambda$getResponseFunction$0(HandshakeResponse.java:30)
	at org.openqa.selenium.remote.ProtocolHandshake.lambda$createSession$0(ProtocolHandshake.java:126)
	at java.base/java.util.stream.ReferencePipeline$3$1.accept(ReferencePipeline.java:197)
	at java.base/java.util.Spliterators$ArraySpliterator.tryAdvance(Spliterators.java:1002)
	at java.base/java.util.stream.ReferencePipeline.forEachWithCancel(ReferencePipeline.java:129)
	at java.base/java.util.stream.AbstractPipeline.copyIntoWithCancel(AbstractPipeline.java:527)
	at java.base/java.util.stream.AbstractPipeline.copyInto(AbstractPipeline.java:513)
	at java.base/java.util.stream.AbstractPipeline.wrapAndCopyInto(AbstractPipeline.java:499)
	at java.base/java.util.stream.FindOps$FindOp.evaluateSequential(FindOps.java:150)
	at java.base/java.util.stream.AbstractPipeline.evaluate(AbstractPipeline.java:234)
	at java.base/java.util.stream.ReferencePipeline.findFirst(ReferencePipeline.java:647)
	at org.openqa.selenium.remote.ProtocolHandshake.createSession(ProtocolHandshake.java:128)
	at org.openqa.selenium.remote.ProtocolHandshake.createSession(ProtocolHandshake.java:74)
	at org.openqa.selenium.remote.HttpCommandExecutor.execute(HttpCommandExecutor.java:136)
	at org.openqa.selenium.remote.service.DriverCommandExecutor.execute(DriverCommandExecutor.java:83)
	at org.openqa.selenium.remote.RemoteWebDriver.execute(RemoteWebDriver.java:552)
	at org.openqa.selenium.remote.RemoteWebDriver.startSession(RemoteWebDriver.java:213)
	at org.openqa.selenium.remote.RemoteWebDriver.&lt;init&gt;(RemoteWebDriver.java:131)
	at org.openqa.selenium.chrome.ChromeDriver.&lt;init&gt;(ChromeDriver.java:181)
	at org.openqa.selenium.chrome.ChromeDriver.&lt;init&gt;(ChromeDriver.java:168)
	at org.openqa.selenium.chrome.ChromeDriver.&lt;init&gt;(ChromeDriver.java:157)
	at AutomationAnywhereTestQu05.AutomationAnywhereTestQu05.AutomationAnywhere_Test_04.setUp(AutomationAnywhere_Test_04.java:24)
	at java.base/jdk.internal.reflect.NativeMethodAccessorImpl.invoke0(Native Method)
	at java.base/jdk.internal.reflect.NativeMethodAccessorImpl.invoke(NativeMethodAccessorImpl.java:77)
	at java.base/jdk.internal.reflect.DelegatingMethodAccessorImpl.invoke(DelegatingMethodAccessorImpl.java:43)
	at java.base/java.lang.reflect.Method.invoke(Method.java:568)
	at org.testng.internal.MethodInvocationHelper.invokeMethod(MethodInvocationHelper.java:80)
	at org.testng.internal.Invoker.invokeConfigurationMethod(Invoker.java:564)
	at org.testng.internal.Invoker.invokeConfigurations(Invoker.java:213)
	at org.testng.internal.Invoker.invokeMethod(Invoker.java:653)
	at org.testng.internal.Invoker.invokeTestMethod(Invoker.java:901)
	at org.testng.internal.Invoker.invokeTestMethods(Invoker.java:1231)
	at org.testng.internal.TestMethodWorker.invokeTestMethods(TestMethodWorker.java:127)
	at org.testng.internal.TestMethodWorker.run(TestMethodWorker.java:111)
	at org.testng.TestRunner.privateRun(TestRunner.java:767)
	at org.testng.TestRunner.run(TestRunner.java:617)
	at org.testng.SuiteRunner.runTest(SuiteRunner.java:334)
	at org.testng.SuiteRunner.runSequentially(SuiteRunner.java:329)
	at org.testng.SuiteRunner.privateRun(SuiteRunner.java:291)
	at org.testng.SuiteRunner.run(SuiteRunner.java:240)
	at org.testng.SuiteRunnerWorker.runSuite(SuiteRunnerWorker.java:52)
	at org.testng.SuiteRunnerWorker.run(SuiteRunnerWorker.java:86)
	at org.testng.TestNG.runSuitesSequentially(TestNG.java:1198)
	at org.testng.TestNG.runSuitesLocally(TestNG.java:1123)
	at org.testng.TestNG.run(TestNG.java:1031)
	at org.testng.remote.AbstractRemoteTestNG.run(AbstractRemoteTestNG.java:115)
	at org.testng.remote.RemoteTestNG.initAndRun(RemoteTestNG.java:251)
	at org.testng.remote.RemoteTestNG.main(RemoteTestNG.java:77)
</pre></div><a href='#' onClick='toggleBox("stack-trace247644034", this, "Click to show all stack frames", "Click to hide stack frames")'>Click to show all stack frames</a>
<div class='stack-trace' id='stack-trace247644034'><pre>org.openqa.selenium.SessionNotCreatedException: session not created: This version of ChromeDriver only supports Chrome version 114
Current browser version is 116.0.5845.142 with binary path C:\Program Files\Google\Chrome\Application\chrome.exe
Build info: version: &apos;3.141.59&apos;, revision: &apos;e82be7d358&apos;, time: &apos;2018-11-14T08:17:03&apos;
System info: host: &apos;CMLCOLOMBO5525&apos;, ip: &apos;192.168.1.101&apos;, os.name: &apos;Windows 11&apos;, os.arch: &apos;amd64&apos;, os.version: &apos;10.0&apos;, java.version: &apos;17.0.5&apos;
Driver info: driver.version: ChromeDriver
remote stacktrace: Backtrace:
	GetHandleVerifier [0x00F4A813+48355]
	(No symbol) [0x00EDC4B1]
	(No symbol) [0x00DE5358]
	(No symbol) [0x00E061AC]
	(No symbol) [0x00E01EF3]
	(No symbol) [0x00E00579]
	(No symbol) [0x00E30C55]
	(No symbol) [0x00E3093C]
	(No symbol) [0x00E2A536]
	(No symbol) [0x00E082DC]
	(No symbol) [0x00E093DD]
	GetHandleVerifier [0x011AAABD+2539405]
	GetHandleVerifier [0x011EA78F+2800735]
	GetHandleVerifier [0x011E456C+2775612]
	GetHandleVerifier [0x00FD51E0+616112]
	(No symbol) [0x00EE5F8C]
	(No symbol) [0x00EE2328]
	(No symbol) [0x00EE240B]
	(No symbol) [0x00ED4FF7]
	BaseThreadInitThunk [0x76686BA9+25]
	RtlGetFullPathName_UEx [0x77448F9F+1215]
	RtlGetFullPathName_UEx [0x77448F6D+1165]

	at java.base/jdk.internal.reflect.NativeConstructorAccessorImpl.newInstance0(Native Method)
	at java.base/jdk.internal.reflect.NativeConstructorAccessorImpl.newInstance(NativeConstructorAccessorImpl.java:77)
	at java.base/jdk.internal.reflect.DelegatingConstructorAccessorImpl.newInstance(DelegatingConstructorAccessorImpl.java:45)
	at java.base/java.lang.reflect.Constructor.newInstanceWithCaller(Constructor.java:499)
	at java.base/java.lang.reflect.Constructor.newInstance(Constructor.java:480)
	at org.openqa.selenium.remote.W3CHandshakeResponse.lambda$errorHandler$0(W3CHandshakeResponse.java:62)
	at org.openqa.selenium.remote.HandshakeResponse.lambda$getResponseFunction$0(HandshakeResponse.java:30)
	at org.openqa.selenium.remote.ProtocolHandshake.lambda$createSession$0(ProtocolHandshake.java:126)
	at java.base/java.util.stream.ReferencePipeline$3$1.accept(ReferencePipeline.java:197)
	at java.base/java.util.Spliterators$ArraySpliterator.tryAdvance(Spliterators.java:1002)
	at java.base/java.util.stream.ReferencePipeline.forEachWithCancel(ReferencePipeline.java:129)
	at java.base/java.util.stream.AbstractPipeline.copyIntoWithCancel(AbstractPipeline.java:527)
	at java.base/java.util.stream.AbstractPipeline.copyInto(AbstractPipeline.java:513)
	at java.base/java.util.stream.AbstractPipeline.wrapAndCopyInto(AbstractPipeline.java:499)
	at java.base/java.util.stream.FindOps$FindOp.evaluateSequential(FindOps.java:150)
	at java.base/java.util.stream.AbstractPipeline.evaluate(AbstractPipeline.java:234)
	at java.base/java.util.stream.ReferencePipeline.findFirst(ReferencePipeline.java:647)
	at org.openqa.selenium.remote.ProtocolHandshake.createSession(ProtocolHandshake.java:128)
	at org.openqa.selenium.remote.ProtocolHandshake.createSession(ProtocolHandshake.java:74)
	at org.openqa.selenium.remote.HttpCommandExecutor.execute(HttpCommandExecutor.java:136)
	at org.openqa.selenium.remote.service.DriverCommandExecutor.execute(DriverCommandExecutor.java:83)
	at org.openqa.selenium.remote.RemoteWebDriver.execute(RemoteWebDriver.java:552)
	at org.openqa.selenium.remote.RemoteWebDriver.startSession(RemoteWebDriver.java:213)
	at org.openqa.selenium.remote.RemoteWebDriver.&lt;init&gt;(RemoteWebDriver.java:131)
	at org.openqa.selenium.chrome.ChromeDriver.&lt;init&gt;(ChromeDriver.java:181)
	at org.openqa.selenium.chrome.ChromeDriver.&lt;init&gt;(ChromeDriver.java:168)
	at org.openqa.selenium.chrome.ChromeDriver.&lt;init&gt;(ChromeDriver.java:157)
	at AutomationAnywhereTestQu05.AutomationAnywhereTestQu05.AutomationAnywhere_Test_04.setUp(AutomationAnywhere_Test_04.java:24)
	at java.base/jdk.internal.reflect.NativeMethodAccessorImpl.invoke0(Native Method)
	at java.base/jdk.internal.reflect.NativeMethodAccessorImpl.invoke(NativeMethodAccessorImpl.java:77)
	at java.base/jdk.internal.reflect.DelegatingMethodAccessorImpl.invoke(DelegatingMethodAccessorImpl.java:43)
	at java.base/java.lang.reflect.Method.invoke(Method.java:568)
	at org.testng.internal.MethodInvocationHelper.invokeMethod(MethodInvocationHelper.java:80)
	at org.testng.internal.Invoker.invokeConfigurationMethod(Invoker.java:564)
	at org.testng.internal.Invoker.invokeConfigurations(Invoker.java:213)
	at org.testng.internal.Invoker.invokeMethod(Invoker.java:653)
	at org.testng.internal.Invoker.invokeTestMethod(Invoker.java:901)
	at org.testng.internal.Invoker.invokeTestMethods(Invoker.java:1231)
	at org.testng.internal.TestMethodWorker.invokeTestMethods(TestMethodWorker.java:127)
	at org.testng.internal.TestMethodWorker.run(TestMethodWorker.java:111)
	at org.testng.TestRunner.privateRun(TestRunner.java:767)
	at org.testng.TestRunner.run(TestRunner.java:617)
	at org.testng.SuiteRunner.runTest(SuiteRunner.java:334)
	at org.testng.SuiteRunner.runSequentially(SuiteRunner.java:329)
	at org.testng.SuiteRunner.privateRun(SuiteRunner.java:291)
	at org.testng.SuiteRunner.run(SuiteRunner.java:240)
	at org.testng.SuiteRunnerWorker.runSuite(SuiteRunnerWorker.java:52)
	at org.testng.SuiteRunnerWorker.run(SuiteRunnerWorker.java:86)
	at org.testng.TestNG.runSuitesSequentially(TestNG.java:1198)
	at org.testng.TestNG.runSuitesLocally(TestNG.java:1123)
	at org.testng.TestNG.run(TestNG.java:1031)
	at org.testng.remote.AbstractRemoteTestNG.run(AbstractRemoteTestNG.java:115)
	at org.testng.remote.RemoteTestNG.initAndRun(RemoteTestNG.java:251)
	at org.testng.remote.RemoteTestNG.main(RemoteTestNG.java:77)
</pre></div></td>
<td>0</td>
<td>AutomationAnywhereTestQu05.AutomationAnywhereTestQu05.AutomationAnywhere_Test_04@74a6f9c1</td></tr>
</table><p>
<table width='100%' border='1' class='invocation-skipped'>
<tr><td colspan='4' align='center'><b>SKIPPED CONFIGURATIONS</b></td></tr>
<tr><td><b>Test method</b></td>
<td width="30%"><b>Exception</b></td>
<td width="10%"><b>Time (seconds)</b></td>
<td><b>Instance</b></td>
</tr>
<tr>
<td title='AutomationAnywhereTestQu05.AutomationAnywhereTestQu05.AutomationAnywhere_Test_04.setUp()'><b>setUp</b><br>Test class: AutomationAnywhereTestQu05.AutomationAnywhereTestQu05.AutomationAnywhere_Test_04</td>
<td></td>
<td>0</td>
<td>AutomationAnywhereTestQu05.AutomationAnywhereTestQu05.AutomationAnywhere_Test_04@74a6f9c1</td></tr>
<tr>
<td title='AutomationAnywhereTestQu05.AutomationAnywhereTestQu05.AutomationAnywhere_Test_04.setUp()'><b>setUp</b><br>Test class: AutomationAnywhereTestQu05.AutomationAnywhereTestQu05.AutomationAnywhere_Test_04</td>
<td></td>
<td>0</td>
<td>AutomationAnywhereTestQu05.AutomationAnywhereTestQu05.AutomationAnywhere_Test_04@74a6f9c1</td></tr>
<tr>
<td title='AutomationAnywhereTestQu05.AutomationAnywhereTestQu05.AutomationAnywhere_Test_04.setUp()'><b>setUp</b><br>Test class: AutomationAnywhereTestQu05.AutomationAnywhereTestQu05.AutomationAnywhere_Test_04</td>
<td></td>
<td>0</td>
<td>AutomationAnywhereTestQu05.AutomationAnywhereTestQu05.AutomationAnywhere_Test_04@74a6f9c1</td></tr>
<tr>
<td title='AutomationAnywhereTestQu05.AutomationAnywhereTestQu05.AutomationAnywhere_Test_04.setUp()'><b>setUp</b><br>Test class: AutomationAnywhereTestQu05.AutomationAnywhereTestQu05.AutomationAnywhere_Test_04</td>
<td></td>
<td>0</td>
<td>AutomationAnywhereTestQu05.AutomationAnywhereTestQu05.AutomationAnywhere_Test_04@74a6f9c1</td></tr>
</table><p>
<table width='100%' border='1' class='invocation-skipped'>
<tr><td colspan='4' align='center'><b>SKIPPED TESTS</b></td></tr>
<tr><td><b>Test method</b></td>
<td width="30%"><b>Exception</b></td>
<td width="10%"><b>Time (seconds)</b></td>
<td><b>Instance</b></td>
</tr>
<tr>
<td title='AutomationAnywhereTestQu05.AutomationAnywhereTestQu05.AutomationAnywhere_Test_04.verifyBeyondRPALink()'><b>verifyBeyondRPALink</b><br>Test class: AutomationAnywhereTestQu05.AutomationAnywhereTestQu05.AutomationAnywhere_Test_04</td>
<td></td>
<td>0</td>
<td>AutomationAnywhereTestQu05.AutomationAnywhereTestQu05.AutomationAnywhere_Test_04@74a6f9c1</td></tr>
<tr>
<td title='AutomationAnywhereTestQu05.AutomationAnywhereTestQu05.AutomationAnywhere_Test_04.verifyCompanyLink()'><b>verifyCompanyLink</b><br>Test class: AutomationAnywhereTestQu05.AutomationAnywhereTestQu05.AutomationAnywhere_Test_04</td>
<td></td>
<td>0</td>
<td>AutomationAnywhereTestQu05.AutomationAnywhereTestQu05.AutomationAnywhere_Test_04@74a6f9c1</td></tr>
<tr>
<td title='AutomationAnywhereTestQu05.AutomationAnywhereTestQu05.AutomationAnywhere_Test_04.verifyProductsLink()'><b>verifyProductsLink</b><br>Test class: AutomationAnywhereTestQu05.AutomationAnywhereTestQu05.AutomationAnywhere_Test_04</td>
<td></td>
<td>0</td>
<td>AutomationAnywhereTestQu05.AutomationAnywhereTestQu05.AutomationAnywhere_Test_04@74a6f9c1</td></tr>
<tr>
<td title='AutomationAnywhereTestQu05.AutomationAnywhereTestQu05.AutomationAnywhere_Test_04.verifyResourcesLink()'><b>verifyResourcesLink</b><br>Test class: AutomationAnywhereTestQu05.AutomationAnywhereTestQu05.AutomationAnywhere_Test_04</td>
<td></td>
<td>0</td>
<td>AutomationAnywhereTestQu05.AutomationAnywhereTestQu05.AutomationAnywhere_Test_04@74a6f9c1</td></tr>
<tr>
<td title='AutomationAnywhereTestQu05.AutomationAnywhereTestQu05.AutomationAnywhere_Test_04.verifySolutionsLink()'><b>verifySolutionsLink</b><br>Test class: AutomationAnywhereTestQu05.AutomationAnywhereTestQu05.AutomationAnywhere_Test_04</td>
<td></td>
<td>0</td>
<td>AutomationAnywhereTestQu05.AutomationAnywhereTestQu05.AutomationAnywhere_Test_04@74a6f9c1</td></tr>
</table><p>
</body>
</html>