<?xml version="1.0" encoding="UTF-8"?>
<!-- Generated by org.testng.reporters.JUnitXMLReporter -->
<testsuite ignored="0" hostname="CMLCOLOMBO5525" failures="0" tests="7" name="Test" time="4.099" errors="0" timestamp="2023-09-07T13:53:04 IST">
  <testcase classname="AutomationAnywhereTestQu05.AutomationAnywhereTestQu05.AutomationAnywhere_Test_04" name="@BeforeMethod setUp" time="2.543">
    <failure type="org.openqa.selenium.SessionNotCreatedException" message="Could not start a new session. Response code 500. Message: session not created: This version of ChromeDriver only supports Chrome version 114
Current browser version is 116.0.5845.142 with binary path C:\Program Files\Google\Chrome\Application\chrome.exe 
Host info: host: &amp;apos;CMLCOLOMBO5525&amp;apos;, ip: &amp;apos;192.168.1.101&amp;apos;
Build info: version: &amp;apos;4.8.1&amp;apos;, revision: &amp;apos;8ebccac989&amp;apos;
System info: os.name: &amp;apos;Windows 11&amp;apos;, os.arch: &amp;apos;amd64&amp;apos;, os.version: &amp;apos;10.0&amp;apos;, java.version: &amp;apos;17.0.5&amp;apos;
Driver info: org.openqa.selenium.chrome.ChromeDriver
Command: [null, newSession {capabilities=[Capabilities {browserName: chrome, goog:chromeOptions: {args: [--remote-allow-origins=*], extensions: []}}], desiredCapabilities=Capabilities {browserName: chrome, goog:chromeOptions: {args: [--remote-allow-origins=*], extensions: []}}}]">
      <![CDATA[org.openqa.selenium.SessionNotCreatedException: Could not start a new session. Response code 500. Message: session not created: This version of ChromeDriver only supports Chrome version 114
Current browser version is 116.0.5845.142 with binary path C:\Program Files\Google\Chrome\Application\chrome.exe 
Host info: host: 'CMLCOLOMBO5525', ip: '192.168.1.101'
Build info: version: '4.8.1', revision: '8ebccac989'
System info: os.name: 'Windows 11', os.arch: 'amd64', os.version: '10.0', java.version: '17.0.5'
Driver info: org.openqa.selenium.chrome.ChromeDriver
Command: [null, newSession {capabilities=[Capabilities {browserName: chrome, goog:chromeOptions: {args: [--remote-allow-origins=*], extensions: []}}], desiredCapabilities=Capabilities {browserName: chrome, goog:chromeOptions: {args: [--remote-allow-origins=*], extensions: []}}}]
at org.openqa.selenium.remote.ProtocolHandshake.createSession(ProtocolHandshake.java:148)
at org.openqa.selenium.remote.ProtocolHandshake.createSession(ProtocolHandshake.java:106)
at org.openqa.selenium.remote.ProtocolHandshake.createSession(ProtocolHandshake.java:67)
at org.openqa.selenium.remote.HttpCommandExecutor.execute(HttpCommandExecutor.java:156)
at org.openqa.selenium.remote.service.DriverCommandExecutor.invokeExecute(DriverCommandExecutor.java:167)
at org.openqa.selenium.remote.service.DriverCommandExecutor.execute(DriverCommandExecutor.java:142)
at org.openqa.selenium.remote.RemoteWebDriver.execute(RemoteWebDriver.java:543)
at org.openqa.selenium.remote.RemoteWebDriver.startSession(RemoteWebDriver.java:229)
at org.openqa.selenium.remote.RemoteWebDriver.<init>(RemoteWebDriver.java:157)
at org.openqa.selenium.chromium.ChromiumDriver.<init>(ChromiumDriver.java:101)
at org.openqa.selenium.chrome.ChromeDriver.<init>(ChromeDriver.java:82)
at org.openqa.selenium.chrome.ChromeDriver.<init>(ChromeDriver.java:71)
at AutomationAnywhereTestQu05.AutomationAnywhereTestQu05.AutomationAnywhere_Test_04.setUp(AutomationAnywhere_Test_04.java:24)
at java.base/java.util.ArrayList.forEach(ArrayList.java:1511)
... Removed 31 stack frames]]>
    </failure>
  </testcase> <!-- @BeforeMethod setUp -->
  <testcase classname="AutomationAnywhereTestQu05.AutomationAnywhereTestQu05.AutomationAnywhere_Test_04" name="@BeforeMethod setUp" time="0.0">
    <skipped/>
  </testcase> <!-- @BeforeMethod setUp -->
  <testcase classname="AutomationAnywhereTestQu05.AutomationAnywhereTestQu05.AutomationAnywhere_Test_04" name="@BeforeMethod setUp" time="0.0">
    <skipped/>
  </testcase> <!-- @BeforeMethod setUp -->
  <testcase classname="AutomationAnywhereTestQu05.AutomationAnywhereTestQu05.AutomationAnywhere_Test_04" name="@BeforeMethod setUp" time="0.0">
    <skipped/>
  </testcase> <!-- @BeforeMethod setUp -->
  <testcase classname="AutomationAnywhereTestQu05.AutomationAnywhereTestQu05.AutomationAnywhere_Test_04" name="@BeforeMethod setUp" time="0.0">
    <skipped/>
  </testcase> <!-- @BeforeMethod setUp -->
  <testcase classname="AutomationAnywhereTestQu05.AutomationAnywhereTestQu05.AutomationAnywhere_Test_03" name="@BeforeMethod setUp" time="1.453">
    <failure type="org.openqa.selenium.SessionNotCreatedException" message="Could not start a new session. Response code 500. Message: session not created: This version of ChromeDriver only supports Chrome version 114
Current browser version is 116.0.5845.142 with binary path C:\Program Files\Google\Chrome\Application\chrome.exe 
Host info: host: &amp;apos;CMLCOLOMBO5525&amp;apos;, ip: &amp;apos;192.168.1.101&amp;apos;
Build info: version: &amp;apos;4.8.1&amp;apos;, revision: &amp;apos;8ebccac989&amp;apos;
System info: os.name: &amp;apos;Windows 11&amp;apos;, os.arch: &amp;apos;amd64&amp;apos;, os.version: &amp;apos;10.0&amp;apos;, java.version: &amp;apos;17.0.5&amp;apos;
Driver info: org.openqa.selenium.chrome.ChromeDriver
Command: [null, newSession {capabilities=[Capabilities {browserName: chrome, goog:chromeOptions: {args: [--remote-allow-origins=*], extensions: []}}], desiredCapabilities=Capabilities {browserName: chrome, goog:chromeOptions: {args: [--remote-allow-origins=*], extensions: []}}}]">
      <![CDATA[org.openqa.selenium.SessionNotCreatedException: Could not start a new session. Response code 500. Message: session not created: This version of ChromeDriver only supports Chrome version 114
Current browser version is 116.0.5845.142 with binary path C:\Program Files\Google\Chrome\Application\chrome.exe 
Host info: host: 'CMLCOLOMBO5525', ip: '192.168.1.101'
Build info: version: '4.8.1', revision: '8ebccac989'
System info: os.name: 'Windows 11', os.arch: 'amd64', os.version: '10.0', java.version: '17.0.5'
Driver info: org.openqa.selenium.chrome.ChromeDriver
Command: [null, newSession {capabilities=[Capabilities {browserName: chrome, goog:chromeOptions: {args: [--remote-allow-origins=*], extensions: []}}], desiredCapabilities=Capabilities {browserName: chrome, goog:chromeOptions: {args: [--remote-allow-origins=*], extensions: []}}}]
at org.openqa.selenium.remote.ProtocolHandshake.createSession(ProtocolHandshake.java:148)
at org.openqa.selenium.remote.ProtocolHandshake.createSession(ProtocolHandshake.java:106)
at org.openqa.selenium.remote.ProtocolHandshake.createSession(ProtocolHandshake.java:67)
at org.openqa.selenium.remote.HttpCommandExecutor.execute(HttpCommandExecutor.java:156)
at org.openqa.selenium.remote.service.DriverCommandExecutor.invokeExecute(DriverCommandExecutor.java:167)
at org.openqa.selenium.remote.service.DriverCommandExecutor.execute(DriverCommandExecutor.java:142)
at org.openqa.selenium.remote.RemoteWebDriver.execute(RemoteWebDriver.java:543)
at org.openqa.selenium.remote.RemoteWebDriver.startSession(RemoteWebDriver.java:229)
at org.openqa.selenium.remote.RemoteWebDriver.<init>(RemoteWebDriver.java:157)
at org.openqa.selenium.chromium.ChromiumDriver.<init>(ChromiumDriver.java:101)
at org.openqa.selenium.chrome.ChromeDriver.<init>(ChromeDriver.java:82)
at org.openqa.selenium.chrome.ChromeDriver.<init>(ChromeDriver.java:71)
at AutomationAnywhereTestQu05.AutomationAnywhereTestQu05.AutomationAnywhere_Test_03.setUp(AutomationAnywhere_Test_03.java:25)
at java.base/java.util.ArrayList.forEach(ArrayList.java:1511)
... Removed 31 stack frames]]>
    </failure>
  </testcase> <!-- @BeforeMethod setUp -->
  <testcase classname="AutomationAnywhereTestQu05.AutomationAnywhereTestQu05.AutomationAnywhere_Test_03" name="@AfterMethod tearDown" time="0.0">
    <skipped/>
  </testcase> <!-- @AfterMethod tearDown -->
  <testcase classname="AutomationAnywhereTestQu05.AutomationAnywhereTestQu05.AutomationAnywhere_Test_03" name="@BeforeMethod setUp" time="0.0">
    <skipped/>
  </testcase> <!-- @BeforeMethod setUp -->
  <testcase classname="AutomationAnywhereTestQu05.AutomationAnywhereTestQu05.AutomationAnywhere_Test_03" name="@AfterMethod tearDown" time="0.0">
    <skipped/>
  </testcase> <!-- @AfterMethod tearDown -->
  <testcase classname="AutomationAnywhereTestQu05.AutomationAnywhereTestQu05.AutomationAnywhere_Test_04" name="verifyProductsLink" time="0.0">
    <skipped/>
  </testcase> <!-- verifyProductsLink -->
  <testcase classname="AutomationAnywhereTestQu05.AutomationAnywhereTestQu05.AutomationAnywhere_Test_04" name="verifySolutionsLink" time="0.0">
    <skipped/>
  </testcase> <!-- verifySolutionsLink -->
  <testcase classname="AutomationAnywhereTestQu05.AutomationAnywhereTestQu05.AutomationAnywhere_Test_04" name="verifyResourcesLink" time="0.0">
    <skipped/>
  </testcase> <!-- verifyResourcesLink -->
  <testcase classname="AutomationAnywhereTestQu05.AutomationAnywhereTestQu05.AutomationAnywhere_Test_04" name="verifyBeyondRPALink" time="0.0">
    <skipped/>
  </testcase> <!-- verifyBeyondRPALink -->
  <testcase classname="AutomationAnywhereTestQu05.AutomationAnywhereTestQu05.AutomationAnywhere_Test_04" name="verifyCompanyLink" time="0.001">
    <skipped/>
  </testcase> <!-- verifyCompanyLink -->
  <testcase classname="AutomationAnywhereTestQu05.AutomationAnywhereTestQu05.AutomationAnywhere_Test_03" name="verifyLogoPresence" time="0.0">
    <skipped/>
  </testcase> <!-- verifyLogoPresence -->
  <testcase classname="AutomationAnywhereTestQu05.AutomationAnywhereTestQu05.AutomationAnywhere_Test_03" name="verifyRequestDemo" time="0.0">
    <skipped/>
  </testcase> <!-- verifyRequestDemo -->
</testsuite> <!-- Test -->
